\BOOKMARK [1][-]{section.1}{Restatement of the Problem}{}% 1
\BOOKMARK [2][-]{subsection.1.1}{Background}{section.1}% 2
\BOOKMARK [3][-]{subsubsection.1.1.1}{An Overview of the Problem}{subsection.1.1}% 3
\BOOKMARK [3][-]{subsubsection.1.1.2}{Literature Review}{subsection.1.1}% 4
\BOOKMARK [2][-]{subsection.1.2}{Our work}{section.1}% 5
\BOOKMARK [1][-]{section.2}{Preparation of the Models}{}% 6
\BOOKMARK [2][-]{subsection.2.1}{Assumptions and Justifications}{section.2}% 7
\BOOKMARK [2][-]{subsection.2.2}{Notations}{section.2}% 8
\BOOKMARK [1][-]{section.3}{Design of the Models}{}% 9
\BOOKMARK [2][-]{subsection.3.1}{Spread Model}{section.3}% 10
\BOOKMARK [2][-]{subsection.3.2}{Correlation Analysis}{section.3}% 11
\BOOKMARK [1][-]{section.4}{The Basic Model }{}% 12
\BOOKMARK [2][-]{subsection.4.1}{Sub Models}{section.4}% 13
\BOOKMARK [3][-]{subsubsection.4.1.1}{Self Spread and Death Model \(SSD\)}{subsection.4.1}% 14
\BOOKMARK [3][-]{subsubsection.4.1.2}{Quasi Gradient Spread Model \(QGS\)}{subsection.4.1}% 15
\BOOKMARK [3][-]{subsubsection.4.1.3}{Memory Model}{subsection.4.1}% 16
\BOOKMARK [2][-]{subsection.4.2}{Optimization}{section.4}% 17
\BOOKMARK [2][-]{subsection.4.3}{Results and Analysis of the Basic Model}{section.4}% 18
\BOOKMARK [1][-]{section.5}{Correlation Analysis}{}% 19
\BOOKMARK [2][-]{subsection.5.1}{Apriori Algorithm}{section.5}% 20
\BOOKMARK [2][-]{subsection.5.2}{Data Preprocessing}{section.5}% 21
\BOOKMARK [2][-]{subsection.5.3}{Results and Analysis}{section.5}% 22
\BOOKMARK [3][-]{subsubsection.5.3.1}{Results of the Apriori}{subsection.5.3}% 23
ysis}{}% 23
\BOOKMARK [2][-]{subsection.5.1}{Apriori Algorithm}{section.5}% 24
\BOOKMARK [2][-]{subsection.5.2}{Data Preprocessing}{section.5}% 25
\BOOKMARK [2][-]{subsection.5.3}{Results and Analysis}{section.5}% 26
\BOOKMARK [3][-]{subsubsection.5.3.1}{Results of the Apriori}{subsection.5.3}% 27
\BOOKMARK [3][-]{subsubsection.5.3.2}{Analysis of Married-couple Families}{subsection.5.3}% 28
\BOOKMARK [3][-]{subsubsection.5.3.3}{Analysis of Separated-couple Families}{subsection.5.3}% 29
\BOOKMARK [1][-]{section.6}{Model Modification Based on Mined Factors}{}% 30
\BOOKMARK [1][-]{section.7}{Sensitivity Analysis}{}% 31
\BOOKMARK [1][-]{section.8}{Strategies and Evaluation}{}% 32
\BOOKMARK [1][-]{section.9}{Conclusion}{}% 33
\BOOKMARK [2][-]{subsection.9.1}{Strengths and Weaknesses}{section.9}% 34
\BOOKMARK [3][-]{subsubsection.9.1.1}{Strengths}{subsection.9.1}% 35
\BOOKMARK [3][-]{subsubsection.9.1.2}{Weaknesses}{subsection.9.1}% 36
\BOOKMARK [2][-]{subsection.9.2}{Future Work}{section.9}% 37
\BOOKMARK [1][-]{subsection.9.2}{References}{}% 38
\BOOKMARK [1][-]{subsection.9.2}{Appendix}{}% 39
